ERROR [AWT-EventQueue-0] 2015-04-17 00:31:51,259 repast.simphony.ui.RSApplication - Scenario Load Error
java.lang.NullPointerException
	at repast.simphony.ui.tree.ScenarioTreeCellRenderer.getTreeCellRendererComponent(ScenarioTreeCellRenderer.java:34)
	at javax.swing.plaf.basic.BasicTreeUI$NodeDimensionsHandler.getNodeDimensions(BasicTreeUI.java:2807)
	at javax.swing.tree.AbstractLayoutCache.getNodeDimensions(AbstractLayoutCache.java:492)
	at javax.swing.tree.VariableHeightLayoutCache$TreeStateNode.updatePreferredSize(VariableHeightLayoutCache.java:1360)
	at javax.swing.tree.VariableHeightLayoutCache$TreeStateNode.expand(VariableHeightLayoutCache.java:1496)
	at javax.swing.tree.VariableHeightLayoutCache$TreeStateNode.expand(VariableHeightLayoutCache.java:1288)
	at javax.swing.tree.VariableHeightLayoutCache.ensurePathIsExpanded(VariableHeightLayoutCache.java:984)
	at javax.swing.tree.VariableHeightLayoutCache.setExpandedState(VariableHeightLayoutCache.java:182)
	at javax.swing.plaf.basic.BasicTreeUI.updateExpandedDescendants(BasicTreeUI.java:1696)
	at javax.swing.plaf.basic.BasicTreeUI$Handler.treeExpanded(BasicTreeUI.java:3805)
	at javax.swing.JTree.fireTreeExpanded(JTree.java:2763)
	at javax.swing.JTree.setExpandedState(JTree.java:3625)
	at javax.swing.JTree.expandPath(JTree.java:2211)
	at repast.simphony.ui.tree.ScenarioTree.expandAll(ScenarioTree.java:348)
	at repast.simphony.ui.tree.ScenarioTree.expandAll(ScenarioTree.java:342)
	at repast.simphony.ui.tree.ScenarioTree.expandAll(ScenarioTree.java:342)
	at repast.simphony.ui.tree.ScenarioTree.expandAll(ScenarioTree.java:332)
	at repast.simphony.ui.tree.ScenarioTree.setControllerRegistry(ScenarioTree.java:247)
	at repast.simphony.ui.RSApplication.open(RSApplication.java:386)
	at repast.simphony.ui.RSAppConfigurator.postWindowOpen(RSAppConfigurator.java:39)
	at saf.core.ui.GUICreatorDelegate.runDisplay(GUICreatorDelegate.java:188)
	at saf.core.ui.GUICreator$1.run(GUICreator.java:18)
	at simphony.util.ThreadUtilities$Runner.run(ThreadUtilities.java:33)
	at simphony.util.ThreadUtilities.runInEventThread(ThreadUtilities.java:47)
	at saf.core.ui.GUICreator.runDisplay(GUICreator.java:16)
	at repast.simphony.ui.RSUIPlugin$1.run(RSUIPlugin.java:104)
	at java.awt.event.InvocationEvent.dispatch(InvocationEvent.java:311)
	at java.awt.EventQueue.dispatchEventImpl(EventQueue.java:749)
	at java.awt.EventQueue.access$500(EventQueue.java:97)
	at java.awt.EventQueue$3.run(EventQueue.java:702)
	at java.awt.EventQueue$3.run(EventQueue.java:696)
	at java.security.AccessController.doPrivileged(Native Method)
	at java.security.ProtectionDomain$1.doIntersectionPrivilege(ProtectionDomain.java:75)
	at java.awt.EventQueue.dispatchEvent(EventQueue.java:719)
	at java.awt.EventDispatchThread.pumpOneEventForFilters(EventDispatchThread.java:201)
	at java.awt.EventDispatchThread.pumpEventsForFilter(EventDispatchThread.java:116)
	at java.awt.EventDispatchThread.pumpEventsForHierarchy(EventDispatchThread.java:105)
	at java.awt.EventDispatchThread.pumpEvents(EventDispatchThread.java:101)
	at java.awt.EventDispatchThread.pumpEvents(EventDispatchThread.java:93)
	at java.awt.EventDispatchThread.run(EventDispatchThread.java:82)
WARN  [AWT-EventQueue-0] 2015-04-17 00:32:39,580 repast.simphony.scenario.AbstractActionLoader - Error attempting to load file '/Users/BinChen/Documents/workspaceRepast/AdhocCollaboration/AdhocCollaboration.rs/repast.simphony.action.console_sink_0.xml'. Not loading the action from that file.
java.io.FileNotFoundException: /Users/BinChen/Documents/workspaceRepast/AdhocCollaboration/AdhocCollaboration.rs/repast.simphony.action.console_sink_0.xml (No such file or directory)
	at java.io.FileInputStream.open0(Native Method)
	at java.io.FileInputStream.open(FileInputStream.java:195)
	at java.io.FileInputStream.<init>(FileInputStream.java:138)
	at java.io.FileReader.<init>(FileReader.java:72)
	at repast.simphony.scenario.AbstractActionLoader.loadAction(AbstractActionLoader.java:34)
	at repast.simphony.scenario.ScenarioFileLoader.createActions(ScenarioFileLoader.java:90)
	at repast.simphony.scenario.ScenarioFileLoader.load(ScenarioFileLoader.java:66)
	at repast.simphony.scenario.ScenarioLoader.load(ScenarioLoader.java:192)
	at repast.simphony.ui.RSApplication.open(RSApplication.java:355)
	at repast.simphony.ui.RSAppConfigurator.postWindowOpen(RSAppConfigurator.java:39)
	at saf.core.ui.GUICreatorDelegate.runDisplay(GUICreatorDelegate.java:188)
	at saf.core.ui.GUICreator$1.run(GUICreator.java:18)
	at simphony.util.ThreadUtilities$Runner.run(ThreadUtilities.java:33)
	at simphony.util.ThreadUtilities.runInEventThread(ThreadUtilities.java:47)
	at saf.core.ui.GUICreator.runDisplay(GUICreator.java:16)
	at repast.simphony.ui.RSUIPlugin$1.run(RSUIPlugin.java:104)
	at java.awt.event.InvocationEvent.dispatch(InvocationEvent.java:311)
	at java.awt.EventQueue.dispatchEventImpl(EventQueue.java:749)
	at java.awt.EventQueue.access$500(EventQueue.java:97)
	at java.awt.EventQueue$3.run(EventQueue.java:702)
	at java.awt.EventQueue$3.run(EventQueue.java:696)
	at java.security.AccessController.doPrivileged(Native Method)
	at java.security.ProtectionDomain$1.doIntersectionPrivilege(ProtectionDomain.java:75)
	at java.awt.EventQueue.dispatchEvent(EventQueue.java:719)
	at java.awt.EventDispatchThread.pumpOneEventForFilters(EventDispatchThread.java:201)
	at java.awt.EventDispatchThread.pumpEventsForFilter(EventDispatchThread.java:116)
	at java.awt.EventDispatchThread.pumpEventsForHierarchy(EventDispatchThread.java:105)
	at java.awt.EventDispatchThread.pumpEvents(EventDispatchThread.java:101)
	at java.awt.EventDispatchThread.pumpEvents(EventDispatchThread.java:93)
	at java.awt.EventDispatchThread.run(EventDispatchThread.java:82)
WARN  [AWT-EventQueue-0] 2015-04-17 00:32:39,588 repast.simphony.scenario.AbstractActionLoader - Error attempting to load file '/Users/BinChen/Documents/workspaceRepast/AdhocCollaboration/AdhocCollaboration.rs/repast.simphony.action.console_sink_1.xml'. Not loading the action from that file.
java.io.FileNotFoundException: /Users/BinChen/Documents/workspaceRepast/AdhocCollaboration/AdhocCollaboration.rs/repast.simphony.action.console_sink_1.xml (No such file or directory)
	at java.io.FileInputStream.open0(Native Method)
	at java.io.FileInputStream.open(FileInputStream.java:195)
	at java.io.FileInputStream.<init>(FileInputStream.java:138)
	at java.io.FileReader.<init>(FileReader.java:72)
	at repast.simphony.scenario.AbstractActionLoader.loadAction(AbstractActionLoader.java:34)
	at repast.simphony.scenario.ScenarioFileLoader.createActions(ScenarioFileLoader.java:90)
	at repast.simphony.scenario.ScenarioFileLoader.load(ScenarioFileLoader.java:66)
	at repast.simphony.scenario.ScenarioLoader.load(ScenarioLoader.java:192)
	at repast.simphony.ui.RSApplication.open(RSApplication.java:355)
	at repast.simphony.ui.RSAppConfigurator.postWindowOpen(RSAppConfigurator.java:39)
	at saf.core.ui.GUICreatorDelegate.runDisplay(GUICreatorDelegate.java:188)
	at saf.core.ui.GUICreator$1.run(GUICreator.java:18)
	at simphony.util.ThreadUtilities$Runner.run(ThreadUtilities.java:33)
	at simphony.util.ThreadUtilities.runInEventThread(ThreadUtilities.java:47)
	at saf.core.ui.GUICreator.runDisplay(GUICreator.java:16)
	at repast.simphony.ui.RSUIPlugin$1.run(RSUIPlugin.java:104)
	at java.awt.event.InvocationEvent.dispatch(InvocationEvent.java:311)
	at java.awt.EventQueue.dispatchEventImpl(EventQueue.java:749)
	at java.awt.EventQueue.access$500(EventQueue.java:97)
	at java.awt.EventQueue$3.run(EventQueue.java:702)
	at java.awt.EventQueue$3.run(EventQueue.java:696)
	at java.security.AccessController.doPrivileged(Native Method)
	at java.security.ProtectionDomain$1.doIntersectionPrivilege(ProtectionDomain.java:75)
	at java.awt.EventQueue.dispatchEvent(EventQueue.java:719)
	at java.awt.EventDispatchThread.pumpOneEventForFilters(EventDispatchThread.java:201)
	at java.awt.EventDispatchThread.pumpEventsForFilter(EventDispatchThread.java:116)
	at java.awt.EventDispatchThread.pumpEventsForHierarchy(EventDispatchThread.java:105)
	at java.awt.EventDispatchThread.pumpEvents(EventDispatchThread.java:101)
	at java.awt.EventDispatchThread.pumpEvents(EventDispatchThread.java:93)
	at java.awt.EventDispatchThread.run(EventDispatchThread.java:82)
WARN  [AWT-EventQueue-0] 2015-04-17 00:32:39,591 repast.simphony.scenario.AbstractActionLoader - Error attempting to load file '/Users/BinChen/Documents/workspaceRepast/AdhocCollaboration/AdhocCollaboration.rs/repast.simphony.action.file_sink_2.xml'. Not loading the action from that file.
java.io.FileNotFoundException: /Users/BinChen/Documents/workspaceRepast/AdhocCollaboration/AdhocCollaboration.rs/repast.simphony.action.file_sink_2.xml (No such file or directory)
	at java.io.FileInputStream.open0(Native Method)
	at java.io.FileInputStream.open(FileInputStream.java:195)
	at java.io.FileInputStream.<init>(FileInputStream.java:138)
	at java.io.FileReader.<init>(FileReader.java:72)
	at repast.simphony.scenario.AbstractActionLoader.loadAction(AbstractActionLoader.java:34)
	at repast.simphony.scenario.ScenarioFileLoader.createActions(ScenarioFileLoader.java:90)
	at repast.simphony.scenario.ScenarioFileLoader.load(ScenarioFileLoader.java:66)
	at repast.simphony.scenario.ScenarioLoader.load(ScenarioLoader.java:192)
	at repast.simphony.ui.RSApplication.open(RSApplication.java:355)
	at repast.simphony.ui.RSAppConfigurator.postWindowOpen(RSAppConfigurator.java:39)
	at saf.core.ui.GUICreatorDelegate.runDisplay(GUICreatorDelegate.java:188)
	at saf.core.ui.GUICreator$1.run(GUICreator.java:18)
	at simphony.util.ThreadUtilities$Runner.run(ThreadUtilities.java:33)
	at simphony.util.ThreadUtilities.runInEventThread(ThreadUtilities.java:47)
	at saf.core.ui.GUICreator.runDisplay(GUICreator.java:16)
	at repast.simphony.ui.RSUIPlugin$1.run(RSUIPlugin.java:104)
	at java.awt.event.InvocationEvent.dispatch(InvocationEvent.java:311)
	at java.awt.EventQueue.dispatchEventImpl(EventQueue.java:749)
	at java.awt.EventQueue.access$500(EventQueue.java:97)
	at java.awt.EventQueue$3.run(EventQueue.java:702)
	at java.awt.EventQueue$3.run(EventQueue.java:696)
	at java.security.AccessController.doPrivileged(Native Method)
	at java.security.ProtectionDomain$1.doIntersectionPrivilege(ProtectionDomain.java:75)
	at java.awt.EventQueue.dispatchEvent(EventQueue.java:719)
	at java.awt.EventDispatchThread.pumpOneEventForFilters(EventDispatchThread.java:201)
	at java.awt.EventDispatchThread.pumpEventsForFilter(EventDispatchThread.java:116)
	at java.awt.EventDispatchThread.pumpEventsForHierarchy(EventDispatchThread.java:105)
	at java.awt.EventDispatchThread.pumpEvents(EventDispatchThread.java:101)
	at java.awt.EventDispatchThread.pumpEvents(EventDispatchThread.java:93)
	at java.awt.EventDispatchThread.run(EventDispatchThread.java:82)
WARN  [AWT-EventQueue-0] 2015-04-17 00:32:39,593 repast.simphony.scenario.AbstractActionLoader - Error attempting to load file '/Users/BinChen/Documents/workspaceRepast/AdhocCollaboration/AdhocCollaboration.rs/repast.simphony.action.file_sink_3.xml'. Not loading the action from that file.
java.io.FileNotFoundException: /Users/BinChen/Documents/workspaceRepast/AdhocCollaboration/AdhocCollaboration.rs/repast.simphony.action.file_sink_3.xml (No such file or directory)
	at java.io.FileInputStream.open0(Native Method)
	at java.io.FileInputStream.open(FileInputStream.java:195)
	at java.io.FileInputStream.<init>(FileInputStream.java:138)
	at java.io.FileReader.<init>(FileReader.java:72)
	at repast.simphony.scenario.AbstractActionLoader.loadAction(AbstractActionLoader.java:34)
	at repast.simphony.scenario.ScenarioFileLoader.createActions(ScenarioFileLoader.java:90)
	at repast.simphony.scenario.ScenarioFileLoader.load(ScenarioFileLoader.java:66)
	at repast.simphony.scenario.ScenarioLoader.load(ScenarioLoader.java:192)
	at repast.simphony.ui.RSApplication.open(RSApplication.java:355)
	at repast.simphony.ui.RSAppConfigurator.postWindowOpen(RSAppConfigurator.java:39)
	at saf.core.ui.GUICreatorDelegate.runDisplay(GUICreatorDelegate.java:188)
	at saf.core.ui.GUICreator$1.run(GUICreator.java:18)
	at simphony.util.ThreadUtilities$Runner.run(ThreadUtilities.java:33)
	at simphony.util.ThreadUtilities.runInEventThread(ThreadUtilities.java:47)
	at saf.core.ui.GUICreator.runDisplay(GUICreator.java:16)
	at repast.simphony.ui.RSUIPlugin$1.run(RSUIPlugin.java:104)
	at java.awt.event.InvocationEvent.dispatch(InvocationEvent.java:311)
	at java.awt.EventQueue.dispatchEventImpl(EventQueue.java:749)
	at java.awt.EventQueue.access$500(EventQueue.java:97)
	at java.awt.EventQueue$3.run(EventQueue.java:702)
	at java.awt.EventQueue$3.run(EventQueue.java:696)
	at java.security.AccessController.doPrivileged(Native Method)
	at java.security.ProtectionDomain$1.doIntersectionPrivilege(ProtectionDomain.java:75)
	at java.awt.EventQueue.dispatchEvent(EventQueue.java:719)
	at java.awt.EventDispatchThread.pumpOneEventForFilters(EventDispatchThread.java:201)
	at java.awt.EventDispatchThread.pumpEventsForFilter(EventDispatchThread.java:116)
	at java.awt.EventDispatchThread.pumpEventsForHierarchy(EventDispatchThread.java:105)
	at java.awt.EventDispatchThread.pumpEvents(EventDispatchThread.java:101)
	at java.awt.EventDispatchThread.pumpEvents(EventDispatchThread.java:93)
	at java.awt.EventDispatchThread.run(EventDispatchThread.java:82)
WARN  [AWT-EventQueue-0] 2015-04-17 00:32:39,594 repast.simphony.scenario.AbstractActionLoader - Error attempting to load file '/Users/BinChen/Documents/workspaceRepast/AdhocCollaboration/AdhocCollaboration.rs/repast.simphony.action.data_set_4.xml'. Not loading the action from that file.
java.io.FileNotFoundException: /Users/BinChen/Documents/workspaceRepast/AdhocCollaboration/AdhocCollaboration.rs/repast.simphony.action.data_set_4.xml (No such file or directory)
	at java.io.FileInputStream.open0(Native Method)
	at java.io.FileInputStream.open(FileInputStream.java:195)
	at java.io.FileInputStream.<init>(FileInputStream.java:138)
	at java.io.FileReader.<init>(FileReader.java:72)
	at repast.simphony.scenario.AbstractActionLoader.loadAction(AbstractActionLoader.java:34)
	at repast.simphony.scenario.ScenarioFileLoader.createActions(ScenarioFileLoader.java:90)
	at repast.simphony.scenario.ScenarioFileLoader.load(ScenarioFileLoader.java:66)
	at repast.simphony.scenario.ScenarioLoader.load(ScenarioLoader.java:192)
	at repast.simphony.ui.RSApplication.open(RSApplication.java:355)
	at repast.simphony.ui.RSAppConfigurator.postWindowOpen(RSAppConfigurator.java:39)
	at saf.core.ui.GUICreatorDelegate.runDisplay(GUICreatorDelegate.java:188)
	at saf.core.ui.GUICreator$1.run(GUICreator.java:18)
	at simphony.util.ThreadUtilities$Runner.run(ThreadUtilities.java:33)
	at simphony.util.ThreadUtilities.runInEventThread(ThreadUtilities.java:47)
	at saf.core.ui.GUICreator.runDisplay(GUICreator.java:16)
	at repast.simphony.ui.RSUIPlugin$1.run(RSUIPlugin.java:104)
	at java.awt.event.InvocationEvent.dispatch(InvocationEvent.java:311)
	at java.awt.EventQueue.dispatchEventImpl(EventQueue.java:749)
	at java.awt.EventQueue.access$500(EventQueue.java:97)
	at java.awt.EventQueue$3.run(EventQueue.java:702)
	at java.awt.EventQueue$3.run(EventQueue.java:696)
	at java.security.AccessController.doPrivileged(Native Method)
	at java.security.ProtectionDomain$1.doIntersectionPrivilege(ProtectionDomain.java:75)
	at java.awt.EventQueue.dispatchEvent(EventQueue.java:719)
	at java.awt.EventDispatchThread.pumpOneEventForFilters(EventDispatchThread.java:201)
	at java.awt.EventDispatchThread.pumpEventsForFilter(EventDispatchThread.java:116)
	at java.awt.EventDispatchThread.pumpEventsForHierarchy(EventDispatchThread.java:105)
	at java.awt.EventDispatchThread.pumpEvents(EventDispatchThread.java:101)
	at java.awt.EventDispatchThread.pumpEvents(EventDispatchThread.java:93)
	at java.awt.EventDispatchThread.run(EventDispatchThread.java:82)
WARN  [AWT-EventQueue-0] 2015-04-17 00:32:39,596 repast.simphony.scenario.AbstractActionLoader - Error attempting to load file '/Users/BinChen/Documents/workspaceRepast/AdhocCollaboration/AdhocCollaboration.rs/repast.simphony.action.data_set_5.xml'. Not loading the action from that file.
java.io.FileNotFoundException: /Users/BinChen/Documents/workspaceRepast/AdhocCollaboration/AdhocCollaboration.rs/repast.simphony.action.data_set_5.xml (No such file or directory)
	at java.io.FileInputStream.open0(Native Method)
	at java.io.FileInputStream.open(FileInputStream.java:195)
	at java.io.FileInputStream.<init>(FileInputStream.java:138)
	at java.io.FileReader.<init>(FileReader.java:72)
	at repast.simphony.scenario.AbstractActionLoader.loadAction(AbstractActionLoader.java:34)
	at repast.simphony.scenario.ScenarioFileLoader.createActions(ScenarioFileLoader.java:90)
	at repast.simphony.scenario.ScenarioFileLoader.load(ScenarioFileLoader.java:66)
	at repast.simphony.scenario.ScenarioLoader.load(ScenarioLoader.java:192)
	at repast.simphony.ui.RSApplication.open(RSApplication.java:355)
	at repast.simphony.ui.RSAppConfigurator.postWindowOpen(RSAppConfigurator.java:39)
	at saf.core.ui.GUICreatorDelegate.runDisplay(GUICreatorDelegate.java:188)
	at saf.core.ui.GUICreator$1.run(GUICreator.java:18)
	at simphony.util.ThreadUtilities$Runner.run(ThreadUtilities.java:33)
	at simphony.util.ThreadUtilities.runInEventThread(ThreadUtilities.java:47)
	at saf.core.ui.GUICreator.runDisplay(GUICreator.java:16)
	at repast.simphony.ui.RSUIPlugin$1.run(RSUIPlugin.java:104)
	at java.awt.event.InvocationEvent.dispatch(InvocationEvent.java:311)
	at java.awt.EventQueue.dispatchEventImpl(EventQueue.java:749)
	at java.awt.EventQueue.access$500(EventQueue.java:97)
	at java.awt.EventQueue$3.run(EventQueue.java:702)
	at java.awt.EventQueue$3.run(EventQueue.java:696)
	at java.security.AccessController.doPrivileged(Native Method)
	at java.security.ProtectionDomain$1.doIntersectionPrivilege(ProtectionDomain.java:75)
	at java.awt.EventQueue.dispatchEvent(EventQueue.java:719)
	at java.awt.EventDispatchThread.pumpOneEventForFilters(EventDispatchThread.java:201)
	at java.awt.EventDispatchThread.pumpEventsForFilter(EventDispatchThread.java:116)
	at java.awt.EventDispatchThread.pumpEventsForHierarchy(EventDispatchThread.java:105)
	at java.awt.EventDispatchThread.pumpEvents(EventDispatchThread.java:101)
	at java.awt.EventDispatchThread.pumpEvents(EventDispatchThread.java:93)
	at java.awt.EventDispatchThread.run(EventDispatchThread.java:82)
WARN  [AWT-EventQueue-0] 2015-04-17 00:33:53,077 repast.simphony.scenario.AbstractActionLoader - Error attempting to load file '/Users/BinChen/Documents/workspaceRepast/AdhocCollaboration/AdhocCollaboration.rs/repast.simphony.action.console_sink_0.xml'. Not loading the action from that file.
java.io.FileNotFoundException: /Users/BinChen/Documents/workspaceRepast/AdhocCollaboration/AdhocCollaboration.rs/repast.simphony.action.console_sink_0.xml (No such file or directory)
	at java.io.FileInputStream.open0(Native Method)
	at java.io.FileInputStream.open(FileInputStream.java:195)
	at java.io.FileInputStream.<init>(FileInputStream.java:138)
	at java.io.FileReader.<init>(FileReader.java:72)
	at repast.simphony.scenario.AbstractActionLoader.loadAction(AbstractActionLoader.java:34)
	at repast.simphony.scenario.ScenarioFileLoader.createActions(ScenarioFileLoader.java:90)
	at repast.simphony.scenario.ScenarioFileLoader.load(ScenarioFileLoader.java:66)
	at repast.simphony.scenario.ScenarioLoader.load(ScenarioLoader.java:192)
	at repast.simphony.ui.RSApplication.open(RSApplication.java:355)
	at repast.simphony.ui.RSAppConfigurator.postWindowOpen(RSAppConfigurator.java:39)
	at saf.core.ui.GUICreatorDelegate.runDisplay(GUICreatorDelegate.java:188)
	at saf.core.ui.GUICreator$1.run(GUICreator.java:18)
	at simphony.util.ThreadUtilities$Runner.run(ThreadUtilities.java:33)
	at simphony.util.ThreadUtilities.runInEventThread(ThreadUtilities.java:47)
	at saf.core.ui.GUICreator.runDisplay(GUICreator.java:16)
	at repast.simphony.ui.RSUIPlugin$1.run(RSUIPlugin.java:104)
	at java.awt.event.InvocationEvent.dispatch(InvocationEvent.java:311)
	at java.awt.EventQueue.dispatchEventImpl(EventQueue.java:749)
	at java.awt.EventQueue.access$500(EventQueue.java:97)
	at java.awt.EventQueue$3.run(EventQueue.java:702)
	at java.awt.EventQueue$3.run(EventQueue.java:696)
	at java.security.AccessController.doPrivileged(Native Method)
	at java.security.ProtectionDomain$1.doIntersectionPrivilege(ProtectionDomain.java:75)
	at java.awt.EventQueue.dispatchEvent(EventQueue.java:719)
	at java.awt.EventDispatchThread.pumpOneEventForFilters(EventDispatchThread.java:201)
	at java.awt.EventDispatchThread.pumpEventsForFilter(EventDispatchThread.java:116)
	at java.awt.EventDispatchThread.pumpEventsForHierarchy(EventDispatchThread.java:105)
	at java.awt.EventDispatchThread.pumpEvents(EventDispatchThread.java:101)
	at java.awt.EventDispatchThread.pumpEvents(EventDispatchThread.java:93)
	at java.awt.EventDispatchThread.run(EventDispatchThread.java:82)
WARN  [AWT-EventQueue-0] 2015-04-17 00:33:53,082 repast.simphony.scenario.AbstractActionLoader - Error attempting to load file '/Users/BinChen/Documents/workspaceRepast/AdhocCollaboration/AdhocCollaboration.rs/repast.simphony.action.console_sink_1.xml'. Not loading the action from that file.
java.io.FileNotFoundException: /Users/BinChen/Documents/workspaceRepast/AdhocCollaboration/AdhocCollaboration.rs/repast.simphony.action.console_sink_1.xml (No such file or directory)
	at java.io.FileInputStream.open0(Native Method)
	at java.io.FileInputStream.open(FileInputStream.java:195)
	at java.io.FileInputStream.<init>(FileInputStream.java:138)
	at java.io.FileReader.<init>(FileReader.java:72)
	at repast.simphony.scenario.AbstractActionLoader.loadAction(AbstractActionLoader.java:34)
	at repast.simphony.scenario.ScenarioFileLoader.createActions(ScenarioFileLoader.java:90)
	at repast.simphony.scenario.ScenarioFileLoader.load(ScenarioFileLoader.java:66)
	at repast.simphony.scenario.ScenarioLoader.load(ScenarioLoader.java:192)
	at repast.simphony.ui.RSApplication.open(RSApplication.java:355)
	at repast.simphony.ui.RSAppConfigurator.postWindowOpen(RSAppConfigurator.java:39)
	at saf.core.ui.GUICreatorDelegate.runDisplay(GUICreatorDelegate.java:188)
	at saf.core.ui.GUICreator$1.run(GUICreator.java:18)
	at simphony.util.ThreadUtilities$Runner.run(ThreadUtilities.java:33)
	at simphony.util.ThreadUtilities.runInEventThread(ThreadUtilities.java:47)
	at saf.core.ui.GUICreator.runDisplay(GUICreator.java:16)
	at repast.simphony.ui.RSUIPlugin$1.run(RSUIPlugin.java:104)
	at java.awt.event.InvocationEvent.dispatch(InvocationEvent.java:311)
	at java.awt.EventQueue.dispatchEventImpl(EventQueue.java:749)
	at java.awt.EventQueue.access$500(EventQueue.java:97)
	at java.awt.EventQueue$3.run(EventQueue.java:702)
	at java.awt.EventQueue$3.run(EventQueue.java:696)
	at java.security.AccessController.doPrivileged(Native Method)
	at java.security.ProtectionDomain$1.doIntersectionPrivilege(ProtectionDomain.java:75)
	at java.awt.EventQueue.dispatchEvent(EventQueue.java:719)
	at java.awt.EventDispatchThread.pumpOneEventForFilters(EventDispatchThread.java:201)
	at java.awt.EventDispatchThread.pumpEventsForFilter(EventDispatchThread.java:116)
	at java.awt.EventDispatchThread.pumpEventsForHierarchy(EventDispatchThread.java:105)
	at java.awt.EventDispatchThread.pumpEvents(EventDispatchThread.java:101)
	at java.awt.EventDispatchThread.pumpEvents(EventDispatchThread.java:93)
	at java.awt.EventDispatchThread.run(EventDispatchThread.java:82)
WARN  [AWT-EventQueue-0] 2015-04-17 00:33:53,083 repast.simphony.scenario.AbstractActionLoader - Error attempting to load file '/Users/BinChen/Documents/workspaceRepast/AdhocCollaboration/AdhocCollaboration.rs/repast.simphony.action.file_sink_2.xml'. Not loading the action from that file.
java.io.FileNotFoundException: /Users/BinChen/Documents/workspaceRepast/AdhocCollaboration/AdhocCollaboration.rs/repast.simphony.action.file_sink_2.xml (No such file or directory)
	at java.io.FileInputStream.open0(Native Method)
	at java.io.FileInputStream.open(FileInputStream.java:195)
	at java.io.FileInputStream.<init>(FileInputStream.java:138)
	at java.io.FileReader.<init>(FileReader.java:72)
	at repast.simphony.scenario.AbstractActionLoader.loadAction(AbstractActionLoader.java:34)
	at repast.simphony.scenario.ScenarioFileLoader.createActions(ScenarioFileLoader.java:90)
	at repast.simphony.scenario.ScenarioFileLoader.load(ScenarioFileLoader.java:66)
	at repast.simphony.scenario.ScenarioLoader.load(ScenarioLoader.java:192)
	at repast.simphony.ui.RSApplication.open(RSApplication.java:355)
	at repast.simphony.ui.RSAppConfigurator.postWindowOpen(RSAppConfigurator.java:39)
	at saf.core.ui.GUICreatorDelegate.runDisplay(GUICreatorDelegate.java:188)
	at saf.core.ui.GUICreator$1.run(GUICreator.java:18)
	at simphony.util.ThreadUtilities$Runner.run(ThreadUtilities.java:33)
	at simphony.util.ThreadUtilities.runInEventThread(ThreadUtilities.java:47)
	at saf.core.ui.GUICreator.runDisplay(GUICreator.java:16)
	at repast.simphony.ui.RSUIPlugin$1.run(RSUIPlugin.java:104)
	at java.awt.event.InvocationEvent.dispatch(InvocationEvent.java:311)
	at java.awt.EventQueue.dispatchEventImpl(EventQueue.java:749)
	at java.awt.EventQueue.access$500(EventQueue.java:97)
	at java.awt.EventQueue$3.run(EventQueue.java:702)
	at java.awt.EventQueue$3.run(EventQueue.java:696)
	at java.security.AccessController.doPrivileged(Native Method)
	at java.security.ProtectionDomain$1.doIntersectionPrivilege(ProtectionDomain.java:75)
	at java.awt.EventQueue.dispatchEvent(EventQueue.java:719)
	at java.awt.EventDispatchThread.pumpOneEventForFilters(EventDispatchThread.java:201)
	at java.awt.EventDispatchThread.pumpEventsForFilter(EventDispatchThread.java:116)
	at java.awt.EventDispatchThread.pumpEventsForHierarchy(EventDispatchThread.java:105)
	at java.awt.EventDispatchThread.pumpEvents(EventDispatchThread.java:101)
	at java.awt.EventDispatchThread.pumpEvents(EventDispatchThread.java:93)
	at java.awt.EventDispatchThread.run(EventDispatchThread.java:82)
WARN  [AWT-EventQueue-0] 2015-04-17 00:33:53,085 repast.simphony.scenario.AbstractActionLoader - Error attempting to load file '/Users/BinChen/Documents/workspaceRepast/AdhocCollaboration/AdhocCollaboration.rs/repast.simphony.action.file_sink_3.xml'. Not loading the action from that file.
java.io.FileNotFoundException: /Users/BinChen/Documents/workspaceRepast/AdhocCollaboration/AdhocCollaboration.rs/repast.simphony.action.file_sink_3.xml (No such file or directory)
	at java.io.FileInputStream.open0(Native Method)
	at java.io.FileInputStream.open(FileInputStream.java:195)
	at java.io.FileInputStream.<init>(FileInputStream.java:138)
	at java.io.FileReader.<init>(FileReader.java:72)
	at repast.simphony.scenario.AbstractActionLoader.loadAction(AbstractActionLoader.java:34)
	at repast.simphony.scenario.ScenarioFileLoader.createActions(ScenarioFileLoader.java:90)
	at repast.simphony.scenario.ScenarioFileLoader.load(ScenarioFileLoader.java:66)
	at repast.simphony.scenario.ScenarioLoader.load(ScenarioLoader.java:192)
	at repast.simphony.ui.RSApplication.open(RSApplication.java:355)
	at repast.simphony.ui.RSAppConfigurator.postWindowOpen(RSAppConfigurator.java:39)
	at saf.core.ui.GUICreatorDelegate.runDisplay(GUICreatorDelegate.java:188)
	at saf.core.ui.GUICreator$1.run(GUICreator.java:18)
	at simphony.util.ThreadUtilities$Runner.run(ThreadUtilities.java:33)
	at simphony.util.ThreadUtilities.runInEventThread(ThreadUtilities.java:47)
	at saf.core.ui.GUICreator.runDisplay(GUICreator.java:16)
	at repast.simphony.ui.RSUIPlugin$1.run(RSUIPlugin.java:104)
	at java.awt.event.InvocationEvent.dispatch(InvocationEvent.java:311)
	at java.awt.EventQueue.dispatchEventImpl(EventQueue.java:749)
	at java.awt.EventQueue.access$500(EventQueue.java:97)
	at java.awt.EventQueue$3.run(EventQueue.java:702)
	at java.awt.EventQueue$3.run(EventQueue.java:696)
	at java.security.AccessController.doPrivileged(Native Method)
	at java.security.ProtectionDomain$1.doIntersectionPrivilege(ProtectionDomain.java:75)
	at java.awt.EventQueue.dispatchEvent(EventQueue.java:719)
	at java.awt.EventDispatchThread.pumpOneEventForFilters(EventDispatchThread.java:201)
	at java.awt.EventDispatchThread.pumpEventsForFilter(EventDispatchThread.java:116)
	at java.awt.EventDispatchThread.pumpEventsForHierarchy(EventDispatchThread.java:105)
	at java.awt.EventDispatchThread.pumpEvents(EventDispatchThread.java:101)
	at java.awt.EventDispatchThread.pumpEvents(EventDispatchThread.java:93)
	at java.awt.EventDispatchThread.run(EventDispatchThread.java:82)
WARN  [AWT-EventQueue-0] 2015-04-17 00:33:53,091 repast.simphony.scenario.AbstractActionLoader - Error attempting to load file '/Users/BinChen/Documents/workspaceRepast/AdhocCollaboration/AdhocCollaboration.rs/repast.simphony.action.data_set_4.xml'. Not loading the action from that file.
java.io.FileNotFoundException: /Users/BinChen/Documents/workspaceRepast/AdhocCollaboration/AdhocCollaboration.rs/repast.simphony.action.data_set_4.xml (No such file or directory)
	at java.io.FileInputStream.open0(Native Method)
	at java.io.FileInputStream.open(FileInputStream.java:195)
	at java.io.FileInputStream.<init>(FileInputStream.java:138)
	at java.io.FileReader.<init>(FileReader.java:72)
	at repast.simphony.scenario.AbstractActionLoader.loadAction(AbstractActionLoader.java:34)
	at repast.simphony.scenario.ScenarioFileLoader.createActions(ScenarioFileLoader.java:90)
	at repast.simphony.scenario.ScenarioFileLoader.load(ScenarioFileLoader.java:66)
	at repast.simphony.scenario.ScenarioLoader.load(ScenarioLoader.java:192)
	at repast.simphony.ui.RSApplication.open(RSApplication.java:355)
	at repast.simphony.ui.RSAppConfigurator.postWindowOpen(RSAppConfigurator.java:39)
	at saf.core.ui.GUICreatorDelegate.runDisplay(GUICreatorDelegate.java:188)
	at saf.core.ui.GUICreator$1.run(GUICreator.java:18)
	at simphony.util.ThreadUtilities$Runner.run(ThreadUtilities.java:33)
	at simphony.util.ThreadUtilities.runInEventThread(ThreadUtilities.java:47)
	at saf.core.ui.GUICreator.runDisplay(GUICreator.java:16)
	at repast.simphony.ui.RSUIPlugin$1.run(RSUIPlugin.java:104)
	at java.awt.event.InvocationEvent.dispatch(InvocationEvent.java:311)
	at java.awt.EventQueue.dispatchEventImpl(EventQueue.java:749)
	at java.awt.EventQueue.access$500(EventQueue.java:97)
	at java.awt.EventQueue$3.run(EventQueue.java:702)
	at java.awt.EventQueue$3.run(EventQueue.java:696)
	at java.security.AccessController.doPrivileged(Native Method)
	at java.security.ProtectionDomain$1.doIntersectionPrivilege(ProtectionDomain.java:75)
	at java.awt.EventQueue.dispatchEvent(EventQueue.java:719)
	at java.awt.EventDispatchThread.pumpOneEventForFilters(EventDispatchThread.java:201)
	at java.awt.EventDispatchThread.pumpEventsForFilter(EventDispatchThread.java:116)
	at java.awt.EventDispatchThread.pumpEventsForHierarchy(EventDispatchThread.java:105)
	at java.awt.EventDispatchThread.pumpEvents(EventDispatchThread.java:101)
	at java.awt.EventDispatchThread.pumpEvents(EventDispatchThread.java:93)
	at java.awt.EventDispatchThread.run(EventDispatchThread.java:82)
WARN  [AWT-EventQueue-0] 2015-04-17 00:33:53,093 repast.simphony.scenario.AbstractActionLoader - Error attempting to load file '/Users/BinChen/Documents/workspaceRepast/AdhocCollaboration/AdhocCollaboration.rs/repast.simphony.action.data_set_5.xml'. Not loading the action from that file.
java.io.FileNotFoundException: /Users/BinChen/Documents/workspaceRepast/AdhocCollaboration/AdhocCollaboration.rs/repast.simphony.action.data_set_5.xml (No such file or directory)
	at java.io.FileInputStream.open0(Native Method)
	at java.io.FileInputStream.open(FileInputStream.java:195)
	at java.io.FileInputStream.<init>(FileInputStream.java:138)
	at java.io.FileReader.<init>(FileReader.java:72)
	at repast.simphony.scenario.AbstractActionLoader.loadAction(AbstractActionLoader.java:34)
	at repast.simphony.scenario.ScenarioFileLoader.createActions(ScenarioFileLoader.java:90)
	at repast.simphony.scenario.ScenarioFileLoader.load(ScenarioFileLoader.java:66)
	at repast.simphony.scenario.ScenarioLoader.load(ScenarioLoader.java:192)
	at repast.simphony.ui.RSApplication.open(RSApplication.java:355)
	at repast.simphony.ui.RSAppConfigurator.postWindowOpen(RSAppConfigurator.java:39)
	at saf.core.ui.GUICreatorDelegate.runDisplay(GUICreatorDelegate.java:188)
	at saf.core.ui.GUICreator$1.run(GUICreator.java:18)
	at simphony.util.ThreadUtilities$Runner.run(ThreadUtilities.java:33)
	at simphony.util.ThreadUtilities.runInEventThread(ThreadUtilities.java:47)
	at saf.core.ui.GUICreator.runDisplay(GUICreator.java:16)
	at repast.simphony.ui.RSUIPlugin$1.run(RSUIPlugin.java:104)
	at java.awt.event.InvocationEvent.dispatch(InvocationEvent.java:311)
	at java.awt.EventQueue.dispatchEventImpl(EventQueue.java:749)
	at java.awt.EventQueue.access$500(EventQueue.java:97)
	at java.awt.EventQueue$3.run(EventQueue.java:702)
	at java.awt.EventQueue$3.run(EventQueue.java:696)
	at java.security.AccessController.doPrivileged(Native Method)
	at java.security.ProtectionDomain$1.doIntersectionPrivilege(ProtectionDomain.java:75)
	at java.awt.EventQueue.dispatchEvent(EventQueue.java:719)
	at java.awt.EventDispatchThread.pumpOneEventForFilters(EventDispatchThread.java:201)
	at java.awt.EventDispatchThread.pumpEventsForFilter(EventDispatchThread.java:116)
	at java.awt.EventDispatchThread.pumpEventsForHierarchy(EventDispatchThread.java:105)
	at java.awt.EventDispatchThread.pumpEvents(EventDispatchThread.java:101)
	at java.awt.EventDispatchThread.pumpEvents(EventDispatchThread.java:93)
	at java.awt.EventDispatchThread.run(EventDispatchThread.java:82)
WARN  [Thread-4] 2015-04-17 00:35:01,977 repast.simphony.ui.GUIScheduleRunner - Caught InterruptedException when running simulation, unpausing.
java.lang.InterruptedException
	at java.lang.Object.wait(Native Method)
	at java.lang.Object.wait(Object.java:502)
	at repast.simphony.ui.GUIScheduleRunner.go(GUIScheduleRunner.java:137)
	at repast.simphony.ui.GUIScheduleRunner$ScheduleLoopRunnable.run(GUIScheduleRunner.java:48)
	at java.lang.Thread.run(Thread.java:745)
ERROR [AWT-EventQueue-0] 2015-04-17 00:35:58,316 repast.simphony.ui.RSApplication - Error while initializing simulation
java.lang.NullPointerException
	at repast.simphony.engine.controller.WatcherControllerAction.runInitialize(WatcherControllerAction.java:50)
	at repast.simphony.engine.controller.DefaultController$2.visit(DefaultController.java:214)
	at repast.simphony.engine.controller.DefaultController$2.visit(DefaultController.java:1)
	at repast.simphony.util.collections.NaryTree.preOrderTraverals(NaryTree.java:287)
	at repast.simphony.util.collections.NaryTree.preOrderTraverals(NaryTree.java:290)
	at repast.simphony.util.collections.NaryTree.preOrderTraverals(NaryTree.java:290)
	at repast.simphony.util.collections.NaryTree.preOrderTraversal(NaryTree.java:283)
	at repast.simphony.engine.controller.DefaultController.runInitialize(DefaultController.java:212)
	at repast.simphony.engine.controller.DefaultController.runInitialize(DefaultController.java:383)
	at repast.simphony.ui.RSApplication.initSim(RSApplication.java:162)
	at repast.simphony.ui.RSApplication.step(RSApplication.java:214)
	at repast.simphony.ui.action.StepRun.actionPerformed(StepRun.java:17)
	at javax.swing.AbstractButton.fireActionPerformed(AbstractButton.java:2022)
	at javax.swing.AbstractButton$Handler.actionPerformed(AbstractButton.java:2346)
	at javax.swing.DefaultButtonModel.fireActionPerformed(DefaultButtonModel.java:402)
	at javax.swing.DefaultButtonModel.setPressed(DefaultButtonModel.java:259)
	at javax.swing.plaf.basic.BasicButtonListener.mouseReleased(BasicButtonListener.java:252)
	at java.awt.AWTEventMulticaster.mouseReleased(AWTEventMulticaster.java:289)
	at java.awt.Component.processMouseEvent(Component.java:6525)
	at javax.swing.JComponent.processMouseEvent(JComponent.java:3324)
	at java.awt.Component.processEvent(Component.java:6290)
	at java.awt.Container.processEvent(Container.java:2234)
	at java.awt.Component.dispatchEventImpl(Component.java:4881)
	at java.awt.Container.dispatchEventImpl(Container.java:2292)
	at java.awt.Component.dispatchEvent(Component.java:4703)
	at java.awt.LightweightDispatcher.retargetMouseEvent(Container.java:4898)
	at java.awt.LightweightDispatcher.processMouseEvent(Container.java:4533)
	at java.awt.LightweightDispatcher.dispatchEvent(Container.java:4462)
	at java.awt.Container.dispatchEventImpl(Container.java:2278)
	at java.awt.Window.dispatchEventImpl(Window.java:2750)
	at java.awt.Component.dispatchEvent(Component.java:4703)
	at java.awt.EventQueue.dispatchEventImpl(EventQueue.java:751)
	at java.awt.EventQueue.access$500(EventQueue.java:97)
	at java.awt.EventQueue$3.run(EventQueue.java:702)
	at java.awt.EventQueue$3.run(EventQueue.java:696)
	at java.security.AccessController.doPrivileged(Native Method)
	at java.security.ProtectionDomain$1.doIntersectionPrivilege(ProtectionDomain.java:75)
	at java.security.ProtectionDomain$1.doIntersectionPrivilege(ProtectionDomain.java:86)
	at java.awt.EventQueue$4.run(EventQueue.java:724)
	at java.awt.EventQueue$4.run(EventQueue.java:722)
	at java.security.AccessController.doPrivileged(Native Method)
	at java.security.ProtectionDomain$1.doIntersectionPrivilege(ProtectionDomain.java:75)
	at java.awt.EventQueue.dispatchEvent(EventQueue.java:721)
	at java.awt.EventDispatchThread.pumpOneEventForFilters(EventDispatchThread.java:201)
	at java.awt.EventDispatchThread.pumpEventsForFilter(EventDispatchThread.java:116)
	at java.awt.EventDispatchThread.pumpEventsForHierarchy(EventDispatchThread.java:105)
	at java.awt.EventDispatchThread.pumpEvents(EventDispatchThread.java:101)
	at java.awt.EventDispatchThread.pumpEvents(EventDispatchThread.java:93)
	at java.awt.EventDispatchThread.run(EventDispatchThread.java:82)
WARN  [AWT-EventQueue-0] 2015-04-17 00:43:26,725 repast.simphony.scenario.ScenarioSaver - Error saving entry 'id: repast.simphony.action.file_sink, action's class: class repast.simphony.data2.engine.FileSinkComponentControllerAction, action: repast.simphony.data2.engine.FileSinkComponentControllerAction@6c03abf7'. Continuing saving.
java.lang.ArrayIndexOutOfBoundsException: -1
	at com.thoughtworks.xstream.core.util.OrderRetainingMap.entrySet(OrderRetainingMap.java:77)
	at java.util.HashMap.putMapEntries(HashMap.java:511)
	at java.util.HashMap.putAll(HashMap.java:784)
	at com.thoughtworks.xstream.core.util.OrderRetainingMap.<init>(OrderRetainingMap.java:36)
	at com.thoughtworks.xstream.converters.reflection.FieldDictionary.buildMap(FieldDictionary.java:135)
	at com.thoughtworks.xstream.converters.reflection.FieldDictionary.fieldsFor(FieldDictionary.java:76)
	at com.thoughtworks.xstream.converters.reflection.PureJavaReflectionProvider.visitSerializableFields(PureJavaReflectionProvider.java:126)
	at com.thoughtworks.xstream.converters.reflection.AbstractReflectionConverter.doMarshal(AbstractReflectionConverter.java:81)
	at com.thoughtworks.xstream.converters.reflection.AbstractReflectionConverter.marshal(AbstractReflectionConverter.java:72)
	at com.thoughtworks.xstream.core.AbstractReferenceMarshaller.convert(AbstractReferenceMarshaller.java:69)
	at com.thoughtworks.xstream.core.TreeMarshaller.convertAnother(TreeMarshaller.java:58)
	at com.thoughtworks.xstream.core.TreeMarshaller.convertAnother(TreeMarshaller.java:43)
	at com.thoughtworks.xstream.core.TreeMarshaller.start(TreeMarshaller.java:82)
	at com.thoughtworks.xstream.core.AbstractTreeMarshallingStrategy.marshal(AbstractTreeMarshallingStrategy.java:37)
	at com.thoughtworks.xstream.XStream.marshal(XStream.java:895)
	at com.thoughtworks.xstream.XStream.marshal(XStream.java:884)
	at com.thoughtworks.xstream.XStream.toXML(XStream.java:857)
	at repast.simphony.scenario.DescriptorActionSaver.save(DescriptorActionSaver.java:20)
	at repast.simphony.scenario.DescriptorActionSaver.save(DescriptorActionSaver.java:1)
	at repast.simphony.scenario.ScenarioSaver$SaverScenarioEntry.save(ScenarioSaver.java:70)
	at repast.simphony.scenario.ScenarioSaver.saveScenario(ScenarioSaver.java:153)
	at repast.simphony.scenario.ScenarioSaver.save(ScenarioSaver.java:94)
	at repast.simphony.ui.RSApplication.doSave(RSApplication.java:538)
	at repast.simphony.ui.RSApplication.save(RSApplication.java:506)
	at repast.simphony.ui.action.SaveModel.actionPerformed(SaveModel.java:17)
	at javax.swing.AbstractButton.fireActionPerformed(AbstractButton.java:2022)
	at javax.swing.AbstractButton$Handler.actionPerformed(AbstractButton.java:2346)
	at javax.swing.DefaultButtonModel.fireActionPerformed(DefaultButtonModel.java:402)
	at javax.swing.DefaultButtonModel.setPressed(DefaultButtonModel.java:259)
	at javax.swing.plaf.basic.BasicButtonListener.mouseReleased(BasicButtonListener.java:252)
	at java.awt.AWTEventMulticaster.mouseReleased(AWTEventMulticaster.java:289)
	at java.awt.Component.processMouseEvent(Component.java:6525)
	at javax.swing.JComponent.processMouseEvent(JComponent.java:3324)
	at java.awt.Component.processEvent(Component.java:6290)
	at java.awt.Container.processEvent(Container.java:2234)
	at java.awt.Component.dispatchEventImpl(Component.java:4881)
	at java.awt.Container.dispatchEventImpl(Container.java:2292)
	at java.awt.Component.dispatchEvent(Component.java:4703)
	at java.awt.LightweightDispatcher.retargetMouseEvent(Container.java:4898)
	at java.awt.LightweightDispatcher.processMouseEvent(Container.java:4533)
	at java.awt.LightweightDispatcher.dispatchEvent(Container.java:4462)
	at java.awt.Container.dispatchEventImpl(Container.java:2278)
	at java.awt.Window.dispatchEventImpl(Window.java:2750)
	at java.awt.Component.dispatchEvent(Component.java:4703)
	at java.awt.EventQueue.dispatchEventImpl(EventQueue.java:751)
	at java.awt.EventQueue.access$500(EventQueue.java:97)
	at java.awt.EventQueue$3.run(EventQueue.java:702)
	at java.awt.EventQueue$3.run(EventQueue.java:696)
	at java.security.AccessController.doPrivileged(Native Method)
	at java.security.ProtectionDomain$1.doIntersectionPrivilege(ProtectionDomain.java:75)
	at java.security.ProtectionDomain$1.doIntersectionPrivilege(ProtectionDomain.java:86)
	at java.awt.EventQueue$4.run(EventQueue.java:724)
	at java.awt.EventQueue$4.run(EventQueue.java:722)
	at java.security.AccessController.doPrivileged(Native Method)
	at java.security.ProtectionDomain$1.doIntersectionPrivilege(ProtectionDomain.java:75)
	at java.awt.EventQueue.dispatchEvent(EventQueue.java:721)
	at java.awt.EventDispatchThread.pumpOneEventForFilters(EventDispatchThread.java:201)
	at java.awt.EventDispatchThread.pumpEventsForFilter(EventDispatchThread.java:116)
	at java.awt.EventDispatchThread.pumpEventsForHierarchy(EventDispatchThread.java:105)
	at java.awt.EventDispatchThread.pumpEvents(EventDispatchThread.java:101)
	at java.awt.EventDispatchThread.pumpEvents(EventDispatchThread.java:93)
	at java.awt.EventDispatchThread.run(EventDispatchThread.java:82)
ERROR [AWT-EventQueue-0] 2015-04-17 00:45:14,699 repast.simphony.ui.RSApplication - Scenario Load Error
java.lang.NullPointerException
	at repast.simphony.ui.tree.ScenarioTreeCellRenderer.getTreeCellRendererComponent(ScenarioTreeCellRenderer.java:34)
	at javax.swing.plaf.basic.BasicTreeUI$NodeDimensionsHandler.getNodeDimensions(BasicTreeUI.java:2807)
	at javax.swing.tree.AbstractLayoutCache.getNodeDimensions(AbstractLayoutCache.java:492)
	at javax.swing.tree.VariableHeightLayoutCache$TreeStateNode.updatePreferredSize(VariableHeightLayoutCache.java:1360)
	at javax.swing.tree.VariableHeightLayoutCache$TreeStateNode.expand(VariableHeightLayoutCache.java:1496)
	at javax.swing.tree.VariableHeightLayoutCache$TreeStateNode.expand(VariableHeightLayoutCache.java:1288)
	at javax.swing.tree.VariableHeightLayoutCache.ensurePathIsExpanded(VariableHeightLayoutCache.java:984)
	at javax.swing.tree.VariableHeightLayoutCache.setExpandedState(VariableHeightLayoutCache.java:182)
	at javax.swing.plaf.basic.BasicTreeUI.updateExpandedDescendants(BasicTreeUI.java:1696)
	at javax.swing.plaf.basic.BasicTreeUI$Handler.treeExpanded(BasicTreeUI.java:3805)
	at javax.swing.JTree.fireTreeExpanded(JTree.java:2763)
	at javax.swing.JTree.setExpandedState(JTree.java:3625)
	at javax.swing.JTree.expandPath(JTree.java:2211)
	at repast.simphony.ui.tree.ScenarioTree.expandAll(ScenarioTree.java:348)
	at repast.simphony.ui.tree.ScenarioTree.expandAll(ScenarioTree.java:342)
	at repast.simphony.ui.tree.ScenarioTree.expandAll(ScenarioTree.java:342)
	at repast.simphony.ui.tree.ScenarioTree.expandAll(ScenarioTree.java:332)
	at repast.simphony.ui.tree.ScenarioTree.setControllerRegistry(ScenarioTree.java:247)
	at repast.simphony.ui.RSApplication.open(RSApplication.java:386)
	at repast.simphony.ui.RSAppConfigurator.postWindowOpen(RSAppConfigurator.java:39)
	at saf.core.ui.GUICreatorDelegate.runDisplay(GUICreatorDelegate.java:188)
	at saf.core.ui.GUICreator$1.run(GUICreator.java:18)
	at simphony.util.ThreadUtilities$Runner.run(ThreadUtilities.java:33)
	at simphony.util.ThreadUtilities.runInEventThread(ThreadUtilities.java:47)
	at saf.core.ui.GUICreator.runDisplay(GUICreator.java:16)
	at repast.simphony.ui.RSUIPlugin$1.run(RSUIPlugin.java:104)
	at java.awt.event.InvocationEvent.dispatch(InvocationEvent.java:311)
	at java.awt.EventQueue.dispatchEventImpl(EventQueue.java:749)
	at java.awt.EventQueue.access$500(EventQueue.java:97)
	at java.awt.EventQueue$3.run(EventQueue.java:702)
	at java.awt.EventQueue$3.run(EventQueue.java:696)
	at java.security.AccessController.doPrivileged(Native Method)
	at java.security.ProtectionDomain$1.doIntersectionPrivilege(ProtectionDomain.java:75)
	at java.awt.EventQueue.dispatchEvent(EventQueue.java:719)
	at java.awt.EventDispatchThread.pumpOneEventForFilters(EventDispatchThread.java:201)
	at java.awt.EventDispatchThread.pumpEventsForFilter(EventDispatchThread.java:116)
	at java.awt.EventDispatchThread.pumpEventsForHierarchy(EventDispatchThread.java:105)
	at java.awt.EventDispatchThread.pumpEvents(EventDispatchThread.java:101)
	at java.awt.EventDispatchThread.pumpEvents(EventDispatchThread.java:93)
	at java.awt.EventDispatchThread.run(EventDispatchThread.java:82)
WARN  [AWT-EventQueue-0] 2015-04-17 00:51:09,094 repast.simphony.scenario.ScenarioSaver - Error saving entry 'id: repast.simphony.action.file_sink, action's class: class repast.simphony.data2.engine.FileSinkComponentControllerAction, action: repast.simphony.data2.engine.FileSinkComponentControllerAction@7ea61e7d'. Continuing saving.
java.lang.ArrayIndexOutOfBoundsException: -1
	at com.thoughtworks.xstream.core.util.OrderRetainingMap.entrySet(OrderRetainingMap.java:77)
	at java.util.HashMap.putMapEntries(HashMap.java:511)
	at java.util.HashMap.putAll(HashMap.java:784)
	at com.thoughtworks.xstream.core.util.OrderRetainingMap.<init>(OrderRetainingMap.java:36)
	at com.thoughtworks.xstream.converters.reflection.FieldDictionary.buildMap(FieldDictionary.java:135)
	at com.thoughtworks.xstream.converters.reflection.FieldDictionary.fieldsFor(FieldDictionary.java:76)
	at com.thoughtworks.xstream.converters.reflection.PureJavaReflectionProvider.visitSerializableFields(PureJavaReflectionProvider.java:126)
	at com.thoughtworks.xstream.converters.reflection.AbstractReflectionConverter.doMarshal(AbstractReflectionConverter.java:81)
	at com.thoughtworks.xstream.converters.reflection.AbstractReflectionConverter.marshal(AbstractReflectionConverter.java:72)
	at com.thoughtworks.xstream.core.AbstractReferenceMarshaller.convert(AbstractReferenceMarshaller.java:69)
	at com.thoughtworks.xstream.core.TreeMarshaller.convertAnother(TreeMarshaller.java:58)
	at com.thoughtworks.xstream.core.TreeMarshaller.convertAnother(TreeMarshaller.java:43)
	at com.thoughtworks.xstream.core.TreeMarshaller.start(TreeMarshaller.java:82)
	at com.thoughtworks.xstream.core.AbstractTreeMarshallingStrategy.marshal(AbstractTreeMarshallingStrategy.java:37)
	at com.thoughtworks.xstream.XStream.marshal(XStream.java:895)
	at com.thoughtworks.xstream.XStream.marshal(XStream.java:884)
	at com.thoughtworks.xstream.XStream.toXML(XStream.java:857)
	at repast.simphony.scenario.DescriptorActionSaver.save(DescriptorActionSaver.java:20)
	at repast.simphony.scenario.DescriptorActionSaver.save(DescriptorActionSaver.java:1)
	at repast.simphony.scenario.ScenarioSaver$SaverScenarioEntry.save(ScenarioSaver.java:70)
	at repast.simphony.scenario.ScenarioSaver.saveScenario(ScenarioSaver.java:153)
	at repast.simphony.scenario.ScenarioSaver.save(ScenarioSaver.java:94)
	at repast.simphony.ui.RSApplication.doSave(RSApplication.java:538)
	at repast.simphony.ui.RSApplication.save(RSApplication.java:506)
	at repast.simphony.ui.action.SaveModel.actionPerformed(SaveModel.java:17)
	at javax.swing.AbstractButton.fireActionPerformed(AbstractButton.java:2022)
	at javax.swing.AbstractButton$Handler.actionPerformed(AbstractButton.java:2346)
	at javax.swing.DefaultButtonModel.fireActionPerformed(DefaultButtonModel.java:402)
	at javax.swing.DefaultButtonModel.setPressed(DefaultButtonModel.java:259)
	at javax.swing.plaf.basic.BasicButtonListener.mouseReleased(BasicButtonListener.java:252)
	at java.awt.AWTEventMulticaster.mouseReleased(AWTEventMulticaster.java:289)
	at java.awt.Component.processMouseEvent(Component.java:6525)
	at javax.swing.JComponent.processMouseEvent(JComponent.java:3324)
	at java.awt.Component.processEvent(Component.java:6290)
	at java.awt.Container.processEvent(Container.java:2234)
	at java.awt.Component.dispatchEventImpl(Component.java:4881)
	at java.awt.Container.dispatchEventImpl(Container.java:2292)
	at java.awt.Component.dispatchEvent(Component.java:4703)
	at java.awt.LightweightDispatcher.retargetMouseEvent(Container.java:4898)
	at java.awt.LightweightDispatcher.processMouseEvent(Container.java:4533)
	at java.awt.LightweightDispatcher.dispatchEvent(Container.java:4462)
	at java.awt.Container.dispatchEventImpl(Container.java:2278)
	at java.awt.Window.dispatchEventImpl(Window.java:2750)
	at java.awt.Component.dispatchEvent(Component.java:4703)
	at java.awt.EventQueue.dispatchEventImpl(EventQueue.java:751)
	at java.awt.EventQueue.access$500(EventQueue.java:97)
	at java.awt.EventQueue$3.run(EventQueue.java:702)
	at java.awt.EventQueue$3.run(EventQueue.java:696)
	at java.security.AccessController.doPrivileged(Native Method)
	at java.security.ProtectionDomain$1.doIntersectionPrivilege(ProtectionDomain.java:75)
	at java.security.ProtectionDomain$1.doIntersectionPrivilege(ProtectionDomain.java:86)
	at java.awt.EventQueue$4.run(EventQueue.java:724)
	at java.awt.EventQueue$4.run(EventQueue.java:722)
	at java.security.AccessController.doPrivileged(Native Method)
	at java.security.ProtectionDomain$1.doIntersectionPrivilege(ProtectionDomain.java:75)
	at java.awt.EventQueue.dispatchEvent(EventQueue.java:721)
	at java.awt.EventDispatchThread.pumpOneEventForFilters(EventDispatchThread.java:201)
	at java.awt.EventDispatchThread.pumpEventsForFilter(EventDispatchThread.java:116)
	at java.awt.EventDispatchThread.pumpEventsForHierarchy(EventDispatchThread.java:105)
	at java.awt.EventDispatchThread.pumpEvents(EventDispatchThread.java:101)
	at java.awt.EventDispatchThread.pumpEvents(EventDispatchThread.java:93)
	at java.awt.EventDispatchThread.run(EventDispatchThread.java:82)
WARN  [AWT-EventQueue-0] 2015-04-17 01:09:14,828 repast.simphony.scenario.ScenarioSaver - Error saving entry 'id: repast.simphony.action.file_sink, action's class: class repast.simphony.data2.engine.FileSinkComponentControllerAction, action: repast.simphony.data2.engine.FileSinkComponentControllerAction@18230057'. Continuing saving.
java.lang.ArrayIndexOutOfBoundsException: -1
	at com.thoughtworks.xstream.core.util.OrderRetainingMap.entrySet(OrderRetainingMap.java:77)
	at java.util.HashMap.putMapEntries(HashMap.java:511)
	at java.util.HashMap.putAll(HashMap.java:784)
	at com.thoughtworks.xstream.core.util.OrderRetainingMap.<init>(OrderRetainingMap.java:36)
	at com.thoughtworks.xstream.converters.reflection.FieldDictionary.buildMap(FieldDictionary.java:135)
	at com.thoughtworks.xstream.converters.reflection.FieldDictionary.fieldsFor(FieldDictionary.java:76)
	at com.thoughtworks.xstream.converters.reflection.PureJavaReflectionProvider.visitSerializableFields(PureJavaReflectionProvider.java:126)
	at com.thoughtworks.xstream.converters.reflection.AbstractReflectionConverter.doMarshal(AbstractReflectionConverter.java:81)
	at com.thoughtworks.xstream.converters.reflection.AbstractReflectionConverter.marshal(AbstractReflectionConverter.java:72)
	at com.thoughtworks.xstream.core.AbstractReferenceMarshaller.convert(AbstractReferenceMarshaller.java:69)
	at com.thoughtworks.xstream.core.TreeMarshaller.convertAnother(TreeMarshaller.java:58)
	at com.thoughtworks.xstream.core.TreeMarshaller.convertAnother(TreeMarshaller.java:43)
	at com.thoughtworks.xstream.core.TreeMarshaller.start(TreeMarshaller.java:82)
	at com.thoughtworks.xstream.core.AbstractTreeMarshallingStrategy.marshal(AbstractTreeMarshallingStrategy.java:37)
	at com.thoughtworks.xstream.XStream.marshal(XStream.java:895)
	at com.thoughtworks.xstream.XStream.marshal(XStream.java:884)
	at com.thoughtworks.xstream.XStream.toXML(XStream.java:857)
	at repast.simphony.scenario.DescriptorActionSaver.save(DescriptorActionSaver.java:20)
	at repast.simphony.scenario.DescriptorActionSaver.save(DescriptorActionSaver.java:1)
	at repast.simphony.scenario.ScenarioSaver$SaverScenarioEntry.save(ScenarioSaver.java:70)
	at repast.simphony.scenario.ScenarioSaver.saveScenario(ScenarioSaver.java:153)
	at repast.simphony.scenario.ScenarioSaver.save(ScenarioSaver.java:94)
	at repast.simphony.ui.RSApplication.doSave(RSApplication.java:538)
	at repast.simphony.ui.RSApplication.save(RSApplication.java:506)
	at repast.simphony.ui.action.SaveModel.actionPerformed(SaveModel.java:17)
	at javax.swing.AbstractButton.fireActionPerformed(AbstractButton.java:2022)
	at javax.swing.AbstractButton$Handler.actionPerformed(AbstractButton.java:2346)
	at javax.swing.DefaultButtonModel.fireActionPerformed(DefaultButtonModel.java:402)
	at javax.swing.DefaultButtonModel.setPressed(DefaultButtonModel.java:259)
	at javax.swing.plaf.basic.BasicButtonListener.mouseReleased(BasicButtonListener.java:252)
	at java.awt.AWTEventMulticaster.mouseReleased(AWTEventMulticaster.java:289)
	at java.awt.Component.processMouseEvent(Component.java:6525)
	at javax.swing.JComponent.processMouseEvent(JComponent.java:3324)
	at java.awt.Component.processEvent(Component.java:6290)
	at java.awt.Container.processEvent(Container.java:2234)
	at java.awt.Component.dispatchEventImpl(Component.java:4881)
	at java.awt.Container.dispatchEventImpl(Container.java:2292)
	at java.awt.Component.dispatchEvent(Component.java:4703)
	at java.awt.LightweightDispatcher.retargetMouseEvent(Container.java:4898)
	at java.awt.LightweightDispatcher.processMouseEvent(Container.java:4533)
	at java.awt.LightweightDispatcher.dispatchEvent(Container.java:4462)
	at java.awt.Container.dispatchEventImpl(Container.java:2278)
	at java.awt.Window.dispatchEventImpl(Window.java:2750)
	at java.awt.Component.dispatchEvent(Component.java:4703)
	at java.awt.EventQueue.dispatchEventImpl(EventQueue.java:751)
	at java.awt.EventQueue.access$500(EventQueue.java:97)
	at java.awt.EventQueue$3.run(EventQueue.java:702)
	at java.awt.EventQueue$3.run(EventQueue.java:696)
	at java.security.AccessController.doPrivileged(Native Method)
	at java.security.ProtectionDomain$1.doIntersectionPrivilege(ProtectionDomain.java:75)
	at java.security.ProtectionDomain$1.doIntersectionPrivilege(ProtectionDomain.java:86)
	at java.awt.EventQueue$4.run(EventQueue.java:724)
	at java.awt.EventQueue$4.run(EventQueue.java:722)
	at java.security.AccessController.doPrivileged(Native Method)
	at java.security.ProtectionDomain$1.doIntersectionPrivilege(ProtectionDomain.java:75)
	at java.awt.EventQueue.dispatchEvent(EventQueue.java:721)
	at java.awt.EventDispatchThread.pumpOneEventForFilters(EventDispatchThread.java:201)
	at java.awt.EventDispatchThread.pumpEventsForFilter(EventDispatchThread.java:116)
	at java.awt.EventDispatchThread.pumpEventsForHierarchy(EventDispatchThread.java:105)
	at java.awt.EventDispatchThread.pumpEvents(EventDispatchThread.java:101)
	at java.awt.EventDispatchThread.pumpEvents(EventDispatchThread.java:93)
	at java.awt.EventDispatchThread.run(EventDispatchThread.java:82)
WARN  [AWT-EventQueue-0] 2015-04-17 16:43:51,643 repast.simphony.scenario.ObjectActionLoader - Error loading information from data. Continuing with model loading.
java.lang.NullPointerException
	at org.xmlpull.mxp1.MXParser.fillBuf(MXParser.java:3020)
	at org.xmlpull.mxp1.MXParser.more(MXParser.java:3046)
	at org.xmlpull.mxp1.MXParser.parseStartTag(MXParser.java:1738)
	at org.xmlpull.mxp1.MXParser.parseProlog(MXParser.java:1479)
	at org.xmlpull.mxp1.MXParser.nextImpl(MXParser.java:1395)
	at org.xmlpull.mxp1.MXParser.next(MXParser.java:1093)
	at com.thoughtworks.xstream.io.xml.XppReader.pullNextEvent(XppReader.java:109)
	at com.thoughtworks.xstream.io.xml.AbstractPullReader.readRealEvent(AbstractPullReader.java:148)
	at com.thoughtworks.xstream.io.xml.AbstractPullReader.readEvent(AbstractPullReader.java:141)
	at com.thoughtworks.xstream.io.xml.AbstractPullReader.move(AbstractPullReader.java:118)
	at com.thoughtworks.xstream.io.xml.AbstractPullReader.moveDown(AbstractPullReader.java:103)
	at com.thoughtworks.xstream.io.xml.XppReader.<init>(XppReader.java:63)
	at com.thoughtworks.xstream.io.xml.AbstractXppDriver.createReader(AbstractXppDriver.java:54)
	at com.thoughtworks.xstream.XStream.fromXML(XStream.java:913)
	at repast.simphony.scenario.ObjectActionLoader.performLoad(ObjectActionLoader.java:33)
	at repast.simphony.scenario.AbstractActionLoader.loadAction(AbstractActionLoader.java:35)
	at repast.simphony.scenario.ScenarioFileLoader.createActions(ScenarioFileLoader.java:90)
	at repast.simphony.scenario.ScenarioFileLoader.load(ScenarioFileLoader.java:66)
	at repast.simphony.scenario.ScenarioLoader.load(ScenarioLoader.java:192)
	at repast.simphony.ui.RSApplication.open(RSApplication.java:355)
	at repast.simphony.ui.RSAppConfigurator.postWindowOpen(RSAppConfigurator.java:39)
	at saf.core.ui.GUICreatorDelegate.runDisplay(GUICreatorDelegate.java:188)
	at saf.core.ui.GUICreator$1.run(GUICreator.java:18)
	at simphony.util.ThreadUtilities$Runner.run(ThreadUtilities.java:33)
	at simphony.util.ThreadUtilities.runInEventThread(ThreadUtilities.java:47)
	at saf.core.ui.GUICreator.runDisplay(GUICreator.java:16)
	at repast.simphony.ui.RSUIPlugin$1.run(RSUIPlugin.java:104)
	at java.awt.event.InvocationEvent.dispatch(InvocationEvent.java:251)
	at java.awt.EventQueue.dispatchEventImpl(EventQueue.java:727)
	at java.awt.EventQueue.access$200(EventQueue.java:103)
	at java.awt.EventQueue$3.run(EventQueue.java:688)
	at java.awt.EventQueue$3.run(EventQueue.java:686)
	at java.security.AccessController.doPrivileged(Native Method)
	at java.security.ProtectionDomain$1.doIntersectionPrivilege(ProtectionDomain.java:76)
	at java.awt.EventQueue.dispatchEvent(EventQueue.java:697)
	at java.awt.EventDispatchThread.pumpOneEventForFilters(EventDispatchThread.java:242)
	at java.awt.EventDispatchThread.pumpEventsForFilter(EventDispatchThread.java:161)
	at java.awt.EventDispatchThread.pumpEventsForHierarchy(EventDispatchThread.java:150)
	at java.awt.EventDispatchThread.pumpEvents(EventDispatchThread.java:146)
	at java.awt.EventDispatchThread.pumpEvents(EventDispatchThread.java:138)
	at java.awt.EventDispatchThread.run(EventDispatchThread.java:91)
ERROR [AWT-EventQueue-0] 2015-04-17 16:43:51,677 repast.simphony.ui.RSApplication - Scenario Load Error
java.lang.NullPointerException
	at repast.simphony.ui.tree.ScenarioTreeCellRenderer.getTreeCellRendererComponent(ScenarioTreeCellRenderer.java:34)
	at javax.swing.plaf.basic.BasicTreeUI$NodeDimensionsHandler.getNodeDimensions(BasicTreeUI.java:2786)
	at javax.swing.tree.AbstractLayoutCache.getNodeDimensions(AbstractLayoutCache.java:492)
	at javax.swing.tree.VariableHeightLayoutCache$TreeStateNode.updatePreferredSize(VariableHeightLayoutCache.java:1359)
	at javax.swing.tree.VariableHeightLayoutCache$TreeStateNode.expand(VariableHeightLayoutCache.java:1495)
	at javax.swing.tree.VariableHeightLayoutCache$TreeStateNode.expand(VariableHeightLayoutCache.java:1287)
	at javax.swing.tree.VariableHeightLayoutCache.ensurePathIsExpanded(VariableHeightLayoutCache.java:983)
	at javax.swing.tree.VariableHeightLayoutCache.setExpandedState(VariableHeightLayoutCache.java:181)
	at javax.swing.plaf.basic.BasicTreeUI.updateExpandedDescendants(BasicTreeUI.java:1695)
	at javax.swing.plaf.basic.BasicTreeUI$Handler.treeExpanded(BasicTreeUI.java:3785)
	at javax.swing.JTree.fireTreeExpanded(JTree.java:2756)
	at javax.swing.JTree.setExpandedState(JTree.java:3616)
	at javax.swing.JTree.expandPath(JTree.java:2204)
	at repast.simphony.ui.tree.ScenarioTree.expandAll(ScenarioTree.java:348)
	at repast.simphony.ui.tree.ScenarioTree.expandAll(ScenarioTree.java:342)
	at repast.simphony.ui.tree.ScenarioTree.expandAll(ScenarioTree.java:342)
	at repast.simphony.ui.tree.ScenarioTree.expandAll(ScenarioTree.java:332)
	at repast.simphony.ui.tree.ScenarioTree.setControllerRegistry(ScenarioTree.java:247)
	at repast.simphony.ui.RSApplication.open(RSApplication.java:386)
	at repast.simphony.ui.RSAppConfigurator.postWindowOpen(RSAppConfigurator.java:39)
	at saf.core.ui.GUICreatorDelegate.runDisplay(GUICreatorDelegate.java:188)
	at saf.core.ui.GUICreator$1.run(GUICreator.java:18)
	at simphony.util.ThreadUtilities$Runner.run(ThreadUtilities.java:33)
	at simphony.util.ThreadUtilities.runInEventThread(ThreadUtilities.java:47)
	at saf.core.ui.GUICreator.runDisplay(GUICreator.java:16)
	at repast.simphony.ui.RSUIPlugin$1.run(RSUIPlugin.java:104)
	at java.awt.event.InvocationEvent.dispatch(InvocationEvent.java:251)
	at java.awt.EventQueue.dispatchEventImpl(EventQueue.java:727)
	at java.awt.EventQueue.access$200(EventQueue.java:103)
	at java.awt.EventQueue$3.run(EventQueue.java:688)
	at java.awt.EventQueue$3.run(EventQueue.java:686)
	at java.security.AccessController.doPrivileged(Native Method)
	at java.security.ProtectionDomain$1.doIntersectionPrivilege(ProtectionDomain.java:76)
	at java.awt.EventQueue.dispatchEvent(EventQueue.java:697)
	at java.awt.EventDispatchThread.pumpOneEventForFilters(EventDispatchThread.java:242)
	at java.awt.EventDispatchThread.pumpEventsForFilter(EventDispatchThread.java:161)
	at java.awt.EventDispatchThread.pumpEventsForHierarchy(EventDispatchThread.java:150)
	at java.awt.EventDispatchThread.pumpEvents(EventDispatchThread.java:146)
	at java.awt.EventDispatchThread.pumpEvents(EventDispatchThread.java:138)
	at java.awt.EventDispatchThread.run(EventDispatchThread.java:91)
ERROR [AWT-EventQueue-0] 2015-04-17 16:50:13,587 repast.simphony.ui.RSApplication - Error while initializing simulation
java.lang.NullPointerException
	at repast.simphony.engine.schedule.DefaultSchedulableActionFactory.createAction(DefaultSchedulableActionFactory.java:60)
	at repast.simphony.engine.schedule.Schedule.schedule(Schedule.java:165)
	at repast.simphony.data2.AbstractDataSetManager.runStarted(AbstractDataSetManager.java:230)
	at repast.simphony.data2.SingleRunDataSetManager.runStarted(SingleRunDataSetManager.java:67)
	at repast.simphony.data2.engine.DataInitActionCreator$1.runInitialize(DataInitActionCreator.java:61)
	at repast.simphony.engine.controller.DefaultController$2.visit(DefaultController.java:214)
	at repast.simphony.engine.controller.DefaultController$2.visit(DefaultController.java:1)
	at repast.simphony.util.collections.NaryTree.preOrderTraverals(NaryTree.java:287)
	at repast.simphony.util.collections.NaryTree.preOrderTraverals(NaryTree.java:290)
	at repast.simphony.util.collections.NaryTree.preOrderTraversal(NaryTree.java:283)
	at repast.simphony.engine.controller.DefaultController.runInitialize(DefaultController.java:212)
	at repast.simphony.engine.controller.DefaultController.runInitialize(DefaultController.java:383)
	at repast.simphony.ui.RSApplication.initSim(RSApplication.java:162)
	at repast.simphony.ui.action.InitRun.actionPerformed(InitRun.java:17)
	at javax.swing.AbstractButton.fireActionPerformed(AbstractButton.java:2018)
	at javax.swing.AbstractButton$Handler.actionPerformed(AbstractButton.java:2341)
	at javax.swing.DefaultButtonModel.fireActionPerformed(DefaultButtonModel.java:402)
	at javax.swing.DefaultButtonModel.setPressed(DefaultButtonModel.java:259)
	at javax.swing.plaf.basic.BasicButtonListener.mouseReleased(BasicButtonListener.java:252)
	at java.awt.AWTEventMulticaster.mouseReleased(AWTEventMulticaster.java:289)
	at java.awt.Component.processMouseEvent(Component.java:6505)
	at javax.swing.JComponent.processMouseEvent(JComponent.java:3321)
	at java.awt.Component.processEvent(Component.java:6270)
	at java.awt.Container.processEvent(Container.java:2229)
	at java.awt.Component.dispatchEventImpl(Component.java:4861)
	at java.awt.Container.dispatchEventImpl(Container.java:2287)
	at java.awt.Component.dispatchEvent(Component.java:4687)
	at java.awt.LightweightDispatcher.retargetMouseEvent(Container.java:4832)
	at java.awt.LightweightDispatcher.processMouseEvent(Container.java:4492)
	at java.awt.LightweightDispatcher.dispatchEvent(Container.java:4422)
	at java.awt.Container.dispatchEventImpl(Container.java:2273)
	at java.awt.Window.dispatchEventImpl(Window.java:2719)
	at java.awt.Component.dispatchEvent(Component.java:4687)
	at java.awt.EventQueue.dispatchEventImpl(EventQueue.java:729)
	at java.awt.EventQueue.access$200(EventQueue.java:103)
	at java.awt.EventQueue$3.run(EventQueue.java:688)
	at java.awt.EventQueue$3.run(EventQueue.java:686)
	at java.security.AccessController.doPrivileged(Native Method)
	at java.security.ProtectionDomain$1.doIntersectionPrivilege(ProtectionDomain.java:76)
	at java.security.ProtectionDomain$1.doIntersectionPrivilege(ProtectionDomain.java:87)
	at java.awt.EventQueue$4.run(EventQueue.java:702)
	at java.awt.EventQueue$4.run(EventQueue.java:700)
	at java.security.AccessController.doPrivileged(Native Method)
	at java.security.ProtectionDomain$1.doIntersectionPrivilege(ProtectionDomain.java:76)
	at java.awt.EventQueue.dispatchEvent(EventQueue.java:699)
	at java.awt.EventDispatchThread.pumpOneEventForFilters(EventDispatchThread.java:242)
	at java.awt.EventDispatchThread.pumpEventsForFilter(EventDispatchThread.java:161)
	at java.awt.EventDispatchThread.pumpEventsForHierarchy(EventDispatchThread.java:150)
	at java.awt.EventDispatchThread.pumpEvents(EventDispatchThread.java:146)
	at java.awt.EventDispatchThread.pumpEvents(EventDispatchThread.java:138)
	at java.awt.EventDispatchThread.run(EventDispatchThread.java:91)
ERROR [AWT-EventQueue-0] 2015-04-17 16:50:48,196 repast.simphony.ui.RSApplication - Error while initializing simulation
java.lang.NullPointerException
	at repast.simphony.engine.schedule.DefaultSchedulableActionFactory.createAction(DefaultSchedulableActionFactory.java:60)
	at repast.simphony.engine.schedule.Schedule.schedule(Schedule.java:165)
	at repast.simphony.data2.AbstractDataSetManager.runStarted(AbstractDataSetManager.java:230)
	at repast.simphony.data2.SingleRunDataSetManager.runStarted(SingleRunDataSetManager.java:67)
	at repast.simphony.data2.engine.DataInitActionCreator$1.runInitialize(DataInitActionCreator.java:61)
	at repast.simphony.engine.controller.DefaultController$2.visit(DefaultController.java:214)
	at repast.simphony.engine.controller.DefaultController$2.visit(DefaultController.java:1)
	at repast.simphony.util.collections.NaryTree.preOrderTraverals(NaryTree.java:287)
	at repast.simphony.util.collections.NaryTree.preOrderTraverals(NaryTree.java:290)
	at repast.simphony.util.collections.NaryTree.preOrderTraversal(NaryTree.java:283)
	at repast.simphony.engine.controller.DefaultController.runInitialize(DefaultController.java:212)
	at repast.simphony.engine.controller.DefaultController.runInitialize(DefaultController.java:383)
	at repast.simphony.ui.RSApplication.initSim(RSApplication.java:162)
	at repast.simphony.ui.action.InitRun.actionPerformed(InitRun.java:17)
	at javax.swing.AbstractButton.fireActionPerformed(AbstractButton.java:2018)
	at javax.swing.AbstractButton$Handler.actionPerformed(AbstractButton.java:2341)
	at javax.swing.DefaultButtonModel.fireActionPerformed(DefaultButtonModel.java:402)
	at javax.swing.DefaultButtonModel.setPressed(DefaultButtonModel.java:259)
	at javax.swing.plaf.basic.BasicButtonListener.mouseReleased(BasicButtonListener.java:252)
	at java.awt.AWTEventMulticaster.mouseReleased(AWTEventMulticaster.java:289)
	at java.awt.Component.processMouseEvent(Component.java:6505)
	at javax.swing.JComponent.processMouseEvent(JComponent.java:3321)
	at java.awt.Component.processEvent(Component.java:6270)
	at java.awt.Container.processEvent(Container.java:2229)
	at java.awt.Component.dispatchEventImpl(Component.java:4861)
	at java.awt.Container.dispatchEventImpl(Container.java:2287)
	at java.awt.Component.dispatchEvent(Component.java:4687)
	at java.awt.LightweightDispatcher.retargetMouseEvent(Container.java:4832)
	at java.awt.LightweightDispatcher.processMouseEvent(Container.java:4492)
	at java.awt.LightweightDispatcher.dispatchEvent(Container.java:4422)
	at java.awt.Container.dispatchEventImpl(Container.java:2273)
	at java.awt.Window.dispatchEventImpl(Window.java:2719)
	at java.awt.Component.dispatchEvent(Component.java:4687)
	at java.awt.EventQueue.dispatchEventImpl(EventQueue.java:729)
	at java.awt.EventQueue.access$200(EventQueue.java:103)
	at java.awt.EventQueue$3.run(EventQueue.java:688)
	at java.awt.EventQueue$3.run(EventQueue.java:686)
	at java.security.AccessController.doPrivileged(Native Method)
	at java.security.ProtectionDomain$1.doIntersectionPrivilege(ProtectionDomain.java:76)
	at java.security.ProtectionDomain$1.doIntersectionPrivilege(ProtectionDomain.java:87)
	at java.awt.EventQueue$4.run(EventQueue.java:702)
	at java.awt.EventQueue$4.run(EventQueue.java:700)
	at java.security.AccessController.doPrivileged(Native Method)
	at java.security.ProtectionDomain$1.doIntersectionPrivilege(ProtectionDomain.java:76)
	at java.awt.EventQueue.dispatchEvent(EventQueue.java:699)
	at java.awt.EventDispatchThread.pumpOneEventForFilters(EventDispatchThread.java:242)
	at java.awt.EventDispatchThread.pumpEventsForFilter(EventDispatchThread.java:161)
	at java.awt.EventDispatchThread.pumpEventsForHierarchy(EventDispatchThread.java:150)
	at java.awt.EventDispatchThread.pumpEvents(EventDispatchThread.java:146)
	at java.awt.EventDispatchThread.pumpEvents(EventDispatchThread.java:138)
	at java.awt.EventDispatchThread.run(EventDispatchThread.java:91)
