2015-04-20 12:58:32,136 - Default ResourceManager initializing. (class org.apache.velocity.runtime.resource.ResourceManagerImpl)
2015-04-20 12:58:32,141 - Resource Loader Instantiated: org.apache.velocity.runtime.resource.loader.ClasspathResourceLoader
2015-04-20 12:58:32,141 - ClasspathResourceLoader : initialization starting.
2015-04-20 12:58:32,141 - ClasspathResourceLoader : initialization complete.
2015-04-20 12:58:32,143 - ResourceCache : initialized. (class org.apache.velocity.runtime.resource.ResourceCacheImpl)
2015-04-20 12:58:32,143 - Default ResourceManager initialization complete.
2015-04-20 12:58:32,145 - Loaded System Directive: org.apache.velocity.runtime.directive.Literal
2015-04-20 12:58:32,147 - Loaded System Directive: org.apache.velocity.runtime.directive.Macro
2015-04-20 12:58:32,149 - Loaded System Directive: org.apache.velocity.runtime.directive.Parse
2015-04-20 12:58:32,151 - Loaded System Directive: org.apache.velocity.runtime.directive.Include
2015-04-20 12:58:32,152 - Loaded System Directive: org.apache.velocity.runtime.directive.Foreach
2015-04-20 12:58:32,179 - Created: 20 parsers.
2015-04-20 12:58:32,188 - Velocimacro : initialization starting.
2015-04-20 12:58:32,188 - Velocimacro : adding VMs from VM library template : VM_global_library.vm
2015-04-20 12:58:32,197 - ResourceManager : unable to find resource 'VM_global_library.vm' in any resource loader.
2015-04-20 12:58:32,197 - Velocimacro : error using  VM library template VM_global_library.vm : org.apache.velocity.exception.ResourceNotFoundException: Unable to find resource 'VM_global_library.vm'
2015-04-20 12:58:32,197 - Velocimacro :  VM library template macro registration complete.
2015-04-20 12:58:32,197 - Velocimacro : allowInline = true : VMs can be defined inline in templates
2015-04-20 12:58:32,197 - Velocimacro : allowInlineToOverride = false : VMs defined inline may NOT replace previous VM definitions
2015-04-20 12:58:32,197 - Velocimacro : allowInlineLocal = false : VMs defined inline will be  global in scope if allowed.
2015-04-20 12:58:32,197 - Velocimacro : messages on  : VM system will output logging messages
2015-04-20 12:58:32,198 - Velocimacro : autoload off  : VM system will not automatically reload global library macros
2015-04-20 12:58:32,198 - Velocimacro : initialization complete.
2015-04-20 12:58:32,198 - Velocity successfully started.
2015-04-20 13:01:16,760 - SimpleLog4JLogSystem initialized using logfile 'velocity.log'
2015-04-20 13:01:16,760 - ************************************************************** 
2015-04-20 13:01:16,760 - Starting Jakarta Velocity v1.4
2015-04-20 13:01:16,760 - RuntimeInstance initializing.
2015-04-20 13:01:16,760 - Default Properties File: org/apache/velocity/runtime/defaults/velocity.properties
2015-04-20 13:01:16,760 - Trying to use logger class org.apache.velocity.runtime.log.SimpleLog4JLogSystem
2015-04-20 13:01:16,760 - Using logger class org.apache.velocity.runtime.log.SimpleLog4JLogSystem
2015-04-20 13:01:16,763 - Default ResourceManager initializing. (class org.apache.velocity.runtime.resource.ResourceManagerImpl)
2015-04-20 13:01:16,767 - Resource Loader Instantiated: org.apache.velocity.runtime.resource.loader.ClasspathResourceLoader
2015-04-20 13:01:16,767 - ClasspathResourceLoader : initialization starting.
2015-04-20 13:01:16,767 - ClasspathResourceLoader : initialization complete.
2015-04-20 13:01:16,770 - ResourceCache : initialized. (class org.apache.velocity.runtime.resource.ResourceCacheImpl)
2015-04-20 13:01:16,770 - Default ResourceManager initialization complete.
2015-04-20 13:01:16,772 - Loaded System Directive: org.apache.velocity.runtime.directive.Literal
2015-04-20 13:01:16,773 - Loaded System Directive: org.apache.velocity.runtime.directive.Macro
2015-04-20 13:01:16,776 - Loaded System Directive: org.apache.velocity.runtime.directive.Parse
2015-04-20 13:01:16,778 - Loaded System Directive: org.apache.velocity.runtime.directive.Include
2015-04-20 13:01:16,779 - Loaded System Directive: org.apache.velocity.runtime.directive.Foreach
2015-04-20 13:01:16,810 - Created: 20 parsers.
2015-04-20 13:01:16,821 - Velocimacro : initialization starting.
2015-04-20 13:01:16,821 - Velocimacro : adding VMs from VM library template : VM_global_library.vm
2015-04-20 13:01:16,825 - ResourceManager : unable to find resource 'VM_global_library.vm' in any resource loader.
2015-04-20 13:01:16,825 - Velocimacro : error using  VM library template VM_global_library.vm : org.apache.velocity.exception.ResourceNotFoundException: Unable to find resource 'VM_global_library.vm'
2015-04-20 13:01:16,825 - Velocimacro :  VM library template macro registration complete.
2015-04-20 13:01:16,825 - Velocimacro : allowInline = true : VMs can be defined inline in templates
2015-04-20 13:01:16,825 - Velocimacro : allowInlineToOverride = false : VMs defined inline may NOT replace previous VM definitions
2015-04-20 13:01:16,825 - Velocimacro : allowInlineLocal = false : VMs defined inline will be  global in scope if allowed.
2015-04-20 13:01:16,825 - Velocimacro : messages on  : VM system will output logging messages
2015-04-20 13:01:16,825 - Velocimacro : autoload off  : VM system will not automatically reload global library macros
2015-04-20 13:01:16,825 - Velocimacro : initialization complete.
2015-04-20 13:01:16,825 - Velocity successfully started.
2015-04-20 13:05:15,537 - SimpleLog4JLogSystem initialized using logfile 'velocity.log'
2015-04-20 13:05:15,538 - ************************************************************** 
2015-04-20 13:05:15,538 - Starting Jakarta Velocity v1.4
2015-04-20 13:05:15,538 - RuntimeInstance initializing.
2015-04-20 13:05:15,538 - Default Properties File: org/apache/velocity/runtime/defaults/velocity.properties
2015-04-20 13:05:15,538 - Trying to use logger class org.apache.velocity.runtime.log.SimpleLog4JLogSystem
2015-04-20 13:05:15,538 - Using logger class org.apache.velocity.runtime.log.SimpleLog4JLogSystem
2015-04-20 13:05:15,541 - Default ResourceManager initializing. (class org.apache.velocity.runtime.resource.ResourceManagerImpl)
2015-04-20 13:05:15,544 - Resource Loader Instantiated: org.apache.velocity.runtime.resource.loader.ClasspathResourceLoader
2015-04-20 13:05:15,544 - ClasspathResourceLoader : initialization starting.
2015-04-20 13:05:15,544 - ClasspathResourceLoader : initialization complete.
2015-04-20 13:05:15,547 - ResourceCache : initialized. (class org.apache.velocity.runtime.resource.ResourceCacheImpl)
2015-04-20 13:05:15,547 - Default ResourceManager initialization complete.
2015-04-20 13:05:15,549 - Loaded System Directive: org.apache.velocity.runtime.directive.Literal
2015-04-20 13:05:15,550 - Loaded System Directive: org.apache.velocity.runtime.directive.Macro
2015-04-20 13:05:15,552 - Loaded System Directive: org.apache.velocity.runtime.directive.Parse
2015-04-20 13:05:15,554 - Loaded System Directive: org.apache.velocity.runtime.directive.Include
2015-04-20 13:05:15,555 - Loaded System Directive: org.apache.velocity.runtime.directive.Foreach
2015-04-20 13:05:15,583 - Created: 20 parsers.
2015-04-20 13:05:15,593 - Velocimacro : initialization starting.
2015-04-20 13:05:15,594 - Velocimacro : adding VMs from VM library template : VM_global_library.vm
2015-04-20 13:05:15,599 - ResourceManager : unable to find resource 'VM_global_library.vm' in any resource loader.
2015-04-20 13:05:15,599 - Velocimacro : error using  VM library template VM_global_library.vm : org.apache.velocity.exception.ResourceNotFoundException: Unable to find resource 'VM_global_library.vm'
2015-04-20 13:05:15,599 - Velocimacro :  VM library template macro registration complete.
2015-04-20 13:05:15,599 - Velocimacro : allowInline = true : VMs can be defined inline in templates
2015-04-20 13:05:15,599 - Velocimacro : allowInlineToOverride = false : VMs defined inline may NOT replace previous VM definitions
2015-04-20 13:05:15,599 - Velocimacro : allowInlineLocal = false : VMs defined inline will be  global in scope if allowed.
2015-04-20 13:05:15,599 - Velocimacro : messages on  : VM system will output logging messages
2015-04-20 13:05:15,599 - Velocimacro : autoload off  : VM system will not automatically reload global library macros
2015-04-20 13:05:15,599 - Velocimacro : initialization complete.
2015-04-20 13:05:15,599 - Velocity successfully started.
2015-04-20 13:08:02,673 - ResourceManager : found repast/simphony/scenario/Scenario.vt with loader org.apache.velocity.runtime.resource.loader.ClasspathResourceLoader
2015-04-20 13:17:26,080 - ResourceManager : found repast/simphony/scenario/Scenario.vt with loader org.apache.velocity.runtime.resource.loader.ClasspathResourceLoader
